<?xml version="1.0" encoding="UTF-8"?>
<coverage generated="1683107889705" clover="3.2.0">
  <project timestamp="1683107889705" name="All files">
    <metrics statements="82" coveredstatements="82" conditionals="49" coveredconditionals="49" methods="18" coveredmethods="18" elements="149" coveredelements="149" complexity="0" loc="82" ncloc="82" packages="1" files="3" classes="3"/>
    <file name="FigureCalculator.js" path="/Users/juandaantoniuspakpahan/JavaScript/js-math-api/src/FigureCalculator.js">
      <metrics statements="26" coveredstatements="26" conditionals="25" coveredconditionals="25" methods="5" coveredmethods="5"/>
      <line num="3" count="17" type="stmt"/>
      <line num="6" count="8" type="cond" truecount="2" falsecount="0"/>
      <line num="7" count="3" type="stmt"/>
      <line num="9" count="5" type="stmt"/>
      <line num="10" count="5" type="cond" truecount="4" falsecount="0"/>
      <line num="11" count="3" type="stmt"/>
      <line num="13" count="2" type="stmt"/>
      <line num="16" count="8" type="cond" truecount="2" falsecount="0"/>
      <line num="17" count="3" type="stmt"/>
      <line num="19" count="5" type="stmt"/>
      <line num="20" count="5" type="cond" truecount="4" falsecount="0"/>
      <line num="21" count="3" type="stmt"/>
      <line num="23" count="2" type="stmt"/>
      <line num="26" count="9" type="cond" truecount="2" falsecount="0"/>
      <line num="27" count="4" type="stmt"/>
      <line num="29" count="5" type="stmt"/>
      <line num="30" count="5" type="cond" truecount="2" falsecount="0"/>
      <line num="35" count="3" type="stmt"/>
      <line num="37" count="2" type="stmt"/>
      <line num="40" count="8" type="cond" truecount="2" falsecount="0"/>
      <line num="41" count="3" type="stmt"/>
      <line num="43" count="5" type="stmt"/>
      <line num="44" count="5" type="cond" truecount="4" falsecount="0"/>
      <line num="45" count="3" type="stmt"/>
      <line num="47" count="2" type="stmt"/>
      <line num="51" count="2" type="stmt"/>
    </file>
    <file name="MathBasic.js" path="/Users/juandaantoniuspakpahan/JavaScript/js-math-api/src/MathBasic.js">
      <metrics statements="26" coveredstatements="26" conditionals="24" coveredconditionals="24" methods="4" coveredmethods="4"/>
      <line num="1" count="3" type="stmt"/>
      <line num="3" count="17" type="cond" truecount="2" falsecount="0"/>
      <line num="4" count="4" type="stmt"/>
      <line num="6" count="13" type="stmt"/>
      <line num="7" count="13" type="cond" truecount="4" falsecount="0"/>
      <line num="8" count="3" type="stmt"/>
      <line num="10" count="10" type="stmt"/>
      <line num="13" count="13" type="cond" truecount="2" falsecount="0"/>
      <line num="14" count="5" type="stmt"/>
      <line num="16" count="8" type="stmt"/>
      <line num="17" count="8" type="cond" truecount="4" falsecount="0"/>
      <line num="18" count="3" type="stmt"/>
      <line num="20" count="5" type="stmt"/>
      <line num="23" count="19" type="cond" truecount="2" falsecount="0"/>
      <line num="24" count="5" type="stmt"/>
      <line num="26" count="14" type="stmt"/>
      <line num="27" count="14" type="cond" truecount="4" falsecount="0"/>
      <line num="28" count="3" type="stmt"/>
      <line num="30" count="11" type="stmt"/>
      <line num="33" count="15" type="cond" truecount="2" falsecount="0"/>
      <line num="34" count="5" type="stmt"/>
      <line num="36" count="10" type="stmt"/>
      <line num="37" count="10" type="cond" truecount="4" falsecount="0"/>
      <line num="38" count="3" type="stmt"/>
      <line num="40" count="7" type="stmt"/>
      <line num="44" count="3" type="stmt"/>
    </file>
    <file name="createServer.js" path="/Users/juandaantoniuspakpahan/JavaScript/js-math-api/src/createServer.js">
      <metrics statements="30" coveredstatements="30" conditionals="0" coveredconditionals="0" methods="9" coveredmethods="9"/>
      <line num="1" count="1" type="stmt"/>
      <line num="3" count="1" type="stmt"/>
      <line num="4" count="8" type="stmt"/>
      <line num="9" count="8" type="stmt"/>
      <line num="14" count="1" type="stmt"/>
      <line num="15" count="1" type="stmt"/>
      <line num="16" count="1" type="stmt"/>
      <line num="23" count="1" type="stmt"/>
      <line num="24" count="1" type="stmt"/>
      <line num="25" count="1" type="stmt"/>
      <line num="32" count="1" type="stmt"/>
      <line num="33" count="1" type="stmt"/>
      <line num="34" count="1" type="stmt"/>
      <line num="41" count="1" type="stmt"/>
      <line num="42" count="1" type="stmt"/>
      <line num="43" count="1" type="stmt"/>
      <line num="50" count="1" type="stmt"/>
      <line num="51" count="1" type="stmt"/>
      <line num="55" count="1" type="stmt"/>
      <line num="62" count="1" type="stmt"/>
      <line num="63" count="1" type="stmt"/>
      <line num="67" count="1" type="stmt"/>
      <line num="74" count="1" type="stmt"/>
      <line num="75" count="1" type="stmt"/>
      <line num="80" count="1" type="stmt"/>
      <line num="87" count="1" type="stmt"/>
      <line num="88" count="1" type="stmt"/>
      <line num="92" count="1" type="stmt"/>
      <line num="97" count="8" type="stmt"/>
      <line num="100" count="1" type="stmt"/>
    </file>
  </project>
</coverage>
