TN:
SF:src/FigureCalculator.js
FN:2,(anonymous_0)
FN:5,(anonymous_1)
FN:15,(anonymous_2)
FN:25,(anonymous_3)
FN:39,(anonymous_4)
FNF:5
FNH:5
FNDA:17,(anonymous_0)
FNDA:8,(anonymous_1)
FNDA:8,(anonymous_2)
FNDA:9,(anonymous_3)
FNDA:8,(anonymous_4)
DA:3,17
DA:6,8
DA:7,3
DA:9,5
DA:10,5
DA:11,3
DA:13,2
DA:16,8
DA:17,3
DA:19,5
DA:20,5
DA:21,3
DA:23,2
DA:26,9
DA:27,4
DA:29,5
DA:30,5
DA:35,3
DA:37,2
DA:40,8
DA:41,3
DA:43,5
DA:44,5
DA:45,3
DA:47,2
DA:51,2
LF:26
LH:26
BRDA:6,0,0,3
BRDA:6,0,1,5
BRDA:10,1,0,3
BRDA:10,1,1,2
BRDA:10,2,0,5
BRDA:10,2,1,2
BRDA:16,3,0,3
BRDA:16,3,1,5
BRDA:20,4,0,3
BRDA:20,4,1,2
BRDA:20,5,0,5
BRDA:20,5,1,2
BRDA:26,6,0,4
BRDA:26,6,1,5
BRDA:30,7,0,3
BRDA:30,7,1,2
BRDA:31,8,0,5
BRDA:31,8,1,2
BRDA:31,8,2,2
BRDA:40,9,0,3
BRDA:40,9,1,5
BRDA:44,10,0,3
BRDA:44,10,1,2
BRDA:44,11,0,5
BRDA:44,11,1,3
BRF:25
BRH:25
end_of_record
TN:
SF:src/MathBasic.js
FN:2,(anonymous_0)
FN:12,(anonymous_1)
FN:22,(anonymous_2)
FN:32,(anonymous_3)
FNF:4
FNH:4
FNDA:17,(anonymous_0)
FNDA:13,(anonymous_1)
FNDA:19,(anonymous_2)
FNDA:15,(anonymous_3)
DA:1,3
DA:3,17
DA:4,4
DA:6,13
DA:7,13
DA:8,3
DA:10,10
DA:13,13
DA:14,5
DA:16,8
DA:17,8
DA:18,3
DA:20,5
DA:23,19
DA:24,5
DA:26,14
DA:27,14
DA:28,3
DA:30,11
DA:33,15
DA:34,5
DA:36,10
DA:37,10
DA:38,3
DA:40,7
DA:44,3
LF:26
LH:26
BRDA:3,0,0,4
BRDA:3,0,1,13
BRDA:7,1,0,3
BRDA:7,1,1,10
BRDA:7,2,0,13
BRDA:7,2,1,10
BRDA:13,3,0,5
BRDA:13,3,1,8
BRDA:17,4,0,3
BRDA:17,4,1,5
BRDA:17,5,0,8
BRDA:17,5,1,5
BRDA:23,6,0,5
BRDA:23,6,1,14
BRDA:27,7,0,3
BRDA:27,7,1,11
BRDA:27,8,0,14
BRDA:27,8,1,11
BRDA:33,9,0,5
BRDA:33,9,1,10
BRDA:37,10,0,3
BRDA:37,10,1,7
BRDA:37,11,0,10
BRDA:37,11,1,7
BRF:24
BRH:24
end_of_record
TN:
SF:src/createServer.js
FN:3,(anonymous_0)
FN:13,(anonymous_1)
FN:22,(anonymous_2)
FN:31,(anonymous_3)
FN:40,(anonymous_4)
FN:49,(anonymous_5)
FN:61,(anonymous_6)
FN:73,(anonymous_7)
FN:86,(anonymous_8)
FNF:9
FNH:9
FNDA:8,(anonymous_0)
FNDA:1,(anonymous_1)
FNDA:1,(anonymous_2)
FNDA:1,(anonymous_3)
FNDA:1,(anonymous_4)
FNDA:1,(anonymous_5)
FNDA:1,(anonymous_6)
FNDA:1,(anonymous_7)
FNDA:1,(anonymous_8)
DA:1,1
DA:3,1
DA:4,8
DA:9,8
DA:14,1
DA:15,1
DA:16,1
DA:23,1
DA:24,1
DA:25,1
DA:32,1
DA:33,1
DA:34,1
DA:41,1
DA:42,1
DA:43,1
DA:50,1
DA:51,1
DA:55,1
DA:62,1
DA:63,1
DA:67,1
DA:74,1
DA:75,1
DA:80,1
DA:87,1
DA:88,1
DA:92,1
DA:97,8
DA:100,1
LF:30
LH:30
BRF:0
BRH:0
end_of_record
